{"contracts/OwnedInitializable.sol":{"l":{"20":6,"21":6,"28":28,"29":20,"37":1,"45":3,"46":1,"47":1},"path":"/Users/Daniel/Documents/Projekte/GameFi/Pika-core/contracts/OwnedInitializable.sol","s":{"1":6,"2":6,"3":28,"4":1,"5":3,"6":1,"7":1},"b":{"1":[20,8],"2":[1,2]},"f":{"1":6,"2":28,"3":1,"4":3},"fnMap":{"1":{"name":"__Ownable_init","line":19,"loc":{"start":{"line":19,"column":2},"end":{"line":22,"column":2}}},"2":{"name":"onlyOwner","line":27,"loc":{"start":{"line":27,"column":2},"end":{"line":30,"column":2}}},"3":{"name":"proposeOwner","line":36,"loc":{"start":{"line":36,"column":2},"end":{"line":38,"column":2}}},"4":{"name":"claimOwnership","line":44,"loc":{"start":{"line":44,"column":2},"end":{"line":48,"column":2}}}},"statementMap":{"1":{"start":{"line":20,"column":4},"end":{"line":20,"column":23}},"2":{"start":{"line":21,"column":4},"end":{"line":21,"column":55}},"3":{"start":{"line":28,"column":4},"end":{"line":28,"column":31}},"4":{"start":{"line":37,"column":4},"end":{"line":37,"column":28}},"5":{"start":{"line":45,"column":4},"end":{"line":45,"column":39}},"6":{"start":{"line":46,"column":4},"end":{"line":46,"column":51}},"7":{"start":{"line":47,"column":4},"end":{"line":47,"column":24}}},"branchMap":{"1":{"line":28,"type":"if","locations":[{"start":{"line":28,"column":4},"end":{"line":28,"column":4}},{"start":{"line":28,"column":4},"end":{"line":28,"column":4}}]},"2":{"line":45,"type":"if","locations":[{"start":{"line":45,"column":4},"end":{"line":45,"column":4}},{"start":{"line":45,"column":4},"end":{"line":45,"column":4}}]}}},"contracts/Pika.sol":{"l":{"70":11,"71":7,"73":4,"75":9,"86":6,"87":6,"88":6,"89":6,"90":6,"93":6,"94":6,"95":6,"97":6,"98":6,"112":6,"113":6,"114":6,"115":6,"116":6,"126":8,"127":8,"134":15,"135":15,"136":15,"143":23,"152":2,"153":2,"162":2,"163":2,"178":2,"179":2,"180":2,"181":2,"182":2,"197":2,"198":2,"199":2,"200":2,"201":2,"216":2,"217":2,"218":2,"219":2,"220":2,"229":1,"230":1,"239":2,"240":2,"248":19,"255":15,"256":15,"259":4,"260":4,"261":4,"262":4,"263":2,"264":2,"265":2,"267":4,"269":4,"270":4,"271":3,"272":3,"274":4,"275":2,"276":2,"277":2,"279":4,"280":2,"281":2,"282":2,"285":4,"286":1,"288":4,"292":1,"293":1,"294":1,"296":1,"297":1,"298":1,"299":1,"303":10},"path":"/Users/Daniel/Documents/Projekte/GameFi/Pika-core/contracts/Pika.sol","s":{"1":11,"2":7,"3":4,"4":6,"5":6,"6":6,"7":6,"8":6,"9":6,"10":6,"11":6,"12":6,"13":6,"14":6,"15":6,"16":6,"17":6,"18":6,"19":8,"20":8,"21":15,"22":15,"23":15,"24":23,"25":2,"26":2,"27":2,"28":2,"29":2,"30":2,"31":2,"32":2,"33":2,"34":2,"35":2,"36":2,"37":2,"38":2,"39":2,"40":2,"41":2,"42":2,"43":2,"44":1,"45":1,"46":2,"47":2,"48":19,"49":15,"50":15,"51":4,"52":4,"53":4,"54":4,"55":2,"56":2,"57":2,"58":4,"59":4,"60":4,"61":3,"62":3,"63":4,"64":2,"65":2,"66":2,"67":4,"68":2,"69":2,"70":2,"71":4,"72":1,"73":4,"74":1,"75":1,"76":1,"77":1,"78":1,"79":1,"80":1,"81":10},"b":{"1":[7,4],"2":[6,1],"3":[3,1],"4":[1,1],"5":[15,4],"6":[2,2],"7":[3,1],"8":[2,2],"9":[2,2],"10":[1,3]},"f":{"1":11,"2":6,"3":8,"4":15,"5":23,"6":2,"7":2,"8":2,"9":2,"10":2,"11":1,"12":2,"13":19,"14":1,"15":10},"fnMap":{"1":{"name":"ensureAddressSet","line":69,"loc":{"start":{"line":69,"column":4},"end":{"line":76,"column":4}}},"2":{"name":"initialize","line":85,"loc":{"start":{"line":78,"column":4},"end":{"line":117,"column":4}}},"3":{"name":"setExcludeFromFee","line":125,"loc":{"start":{"line":125,"column":4},"end":{"line":128,"column":4}}},"4":{"name":"packBeneficiary","line":133,"loc":{"start":{"line":133,"column":4},"end":{"line":137,"column":4}}},"5":{"name":"unpackBeneficiary","line":142,"loc":{"start":{"line":142,"column":4},"end":{"line":144,"column":4}}},"6":{"name":"burn","line":151,"loc":{"start":{"line":151,"column":4},"end":{"line":154,"column":4}}},"7":{"name":"setMinSupply","line":161,"loc":{"start":{"line":161,"column":4},"end":{"line":164,"column":4}}},"8":{"name":"setBeneficiary","line":176,"loc":{"start":{"line":173,"column":4},"end":{"line":183,"column":4}}},"9":{"name":"setStaking","line":195,"loc":{"start":{"line":192,"column":4},"end":{"line":202,"column":4}}},"10":{"name":"setLiquidity","line":214,"loc":{"start":{"line":211,"column":4},"end":{"line":221,"column":4}}},"11":{"name":"setFeesEnabled","line":228,"loc":{"start":{"line":228,"column":4},"end":{"line":231,"column":4}}},"12":{"name":"setSwapEnabled","line":238,"loc":{"start":{"line":238,"column":4},"end":{"line":241,"column":4}}},"13":{"name":"_transfer","line":243,"loc":{"start":{"line":243,"column":4},"end":{"line":289,"column":4}}},"14":{"name":"_swapTokensForEth","line":291,"loc":{"start":{"line":291,"column":4},"end":{"line":300,"column":4}}},"15":{"name":"_calculateFee","line":302,"loc":{"start":{"line":302,"column":4},"end":{"line":304,"column":4}}}},"statementMap":{"1":{"start":{"line":70,"column":8},"end":{"line":70,"column":2347}},"2":{"start":{"line":71,"column":12},"end":{"line":71,"column":65}},"3":{"start":{"line":73,"column":12},"end":{"line":73,"column":69}},"4":{"start":{"line":86,"column":8},"end":{"line":86,"column":23}},"5":{"start":{"line":87,"column":8},"end":{"line":87,"column":35}},"6":{"start":{"line":88,"column":8},"end":{"line":88,"column":32}},"7":{"start":{"line":89,"column":8},"end":{"line":89,"column":29}},"8":{"start":{"line":90,"column":8},"end":{"line":90,"column":40}},"9":{"start":{"line":93,"column":8},"end":{"line":93,"column":49}},"10":{"start":{"line":94,"column":8},"end":{"line":94,"column":37}},"11":{"start":{"line":95,"column":8},"end":{"line":95,"column":19}},"12":{"start":{"line":97,"column":8},"end":{"line":97,"column":116}},"13":{"start":{"line":98,"column":8},"end":{"line":98,"column":3296}},"14":{"start":{"line":112,"column":8},"end":{"line":112,"column":25}},"15":{"start":{"line":113,"column":8},"end":{"line":113,"column":64}},"16":{"start":{"line":114,"column":8},"end":{"line":114,"column":46}},"17":{"start":{"line":115,"column":8},"end":{"line":115,"column":45}},"18":{"start":{"line":116,"column":8},"end":{"line":116,"column":45}},"19":{"start":{"line":126,"column":8},"end":{"line":126,"column":46}},"20":{"start":{"line":127,"column":8},"end":{"line":127,"column":56}},"21":{"start":{"line":134,"column":8},"end":{"line":134,"column":66}},"22":{"start":{"line":135,"column":8},"end":{"line":135,"column":39}},"23":{"start":{"line":136,"column":8},"end":{"line":136,"column":32}},"24":{"start":{"line":143,"column":8},"end":{"line":143,"column":85}},"25":{"start":{"line":152,"column":8},"end":{"line":152,"column":33}},"26":{"start":{"line":153,"column":8},"end":{"line":153,"column":77}},"27":{"start":{"line":162,"column":8},"end":{"line":162,"column":55}},"28":{"start":{"line":163,"column":8},"end":{"line":163,"column":32}},"29":{"start":{"line":178,"column":8},"end":{"line":178,"column":47}},"30":{"start":{"line":179,"column":8},"end":{"line":179,"column":89}},"31":{"start":{"line":180,"column":8},"end":{"line":180,"column":71}},"32":{"start":{"line":181,"column":8},"end":{"line":181,"column":92}},"33":{"start":{"line":182,"column":8},"end":{"line":182,"column":35}},"34":{"start":{"line":197,"column":8},"end":{"line":197,"column":48}},"35":{"start":{"line":198,"column":8},"end":{"line":198,"column":81}},"36":{"start":{"line":199,"column":8},"end":{"line":199,"column":68}},"37":{"start":{"line":200,"column":8},"end":{"line":200,"column":85}},"38":{"start":{"line":201,"column":8},"end":{"line":201,"column":27}},"39":{"start":{"line":216,"column":8},"end":{"line":216,"column":48}},"40":{"start":{"line":217,"column":8},"end":{"line":217,"column":83}},"41":{"start":{"line":218,"column":8},"end":{"line":218,"column":70}},"42":{"start":{"line":219,"column":8},"end":{"line":219,"column":87}},"43":{"start":{"line":220,"column":8},"end":{"line":220,"column":31}},"44":{"start":{"line":229,"column":8},"end":{"line":229,"column":41}},"45":{"start":{"line":230,"column":8},"end":{"line":230,"column":29}},"46":{"start":{"line":239,"column":8},"end":{"line":239,"column":41}},"47":{"start":{"line":240,"column":8},"end":{"line":240,"column":29}},"48":{"start":{"line":248,"column":8},"end":{"line":248,"column":8864}},"49":{"start":{"line":255,"column":12},"end":{"line":255,"column":53}},"50":{"start":{"line":256,"column":12},"end":{"line":256,"column":18}},"51":{"start":{"line":259,"column":8},"end":{"line":259,"column":90}},"52":{"start":{"line":260,"column":8},"end":{"line":260,"column":82}},"53":{"start":{"line":261,"column":8},"end":{"line":261,"column":88}},"54":{"start":{"line":262,"column":8},"end":{"line":262,"column":9553}},"55":{"start":{"line":263,"column":12},"end":{"line":263,"column":59}},"56":{"start":{"line":264,"column":12},"end":{"line":264,"column":83}},"57":{"start":{"line":265,"column":12},"end":{"line":265,"column":61}},"58":{"start":{"line":267,"column":8},"end":{"line":267,"column":52}},"59":{"start":{"line":269,"column":8},"end":{"line":269,"column":53}},"60":{"start":{"line":270,"column":8},"end":{"line":270,"column":9967}},"61":{"start":{"line":271,"column":12},"end":{"line":271,"column":35}},"62":{"start":{"line":272,"column":12},"end":{"line":272,"column":37}},"63":{"start":{"line":274,"column":8},"end":{"line":274,"column":10109}},"64":{"start":{"line":275,"column":12},"end":{"line":275,"column":57}},"65":{"start":{"line":276,"column":12},"end":{"line":276,"column":63}},"66":{"start":{"line":277,"column":12},"end":{"line":277,"column":38}},"67":{"start":{"line":279,"column":8},"end":{"line":279,"column":10316}},"68":{"start":{"line":280,"column":12},"end":{"line":280,"column":61}},"69":{"start":{"line":281,"column":12},"end":{"line":281,"column":67}},"70":{"start":{"line":282,"column":12},"end":{"line":282,"column":40}},"71":{"start":{"line":285,"column":8},"end":{"line":285,"column":10608}},"72":{"start":{"line":286,"column":12},"end":{"line":286,"column":30}},"73":{"start":{"line":288,"column":8},"end":{"line":288,"column":56}},"74":{"start":{"line":292,"column":8},"end":{"line":292,"column":48}},"75":{"start":{"line":293,"column":8},"end":{"line":293,"column":30}},"76":{"start":{"line":294,"column":8},"end":{"line":294,"column":21}},"77":{"start":{"line":296,"column":8},"end":{"line":296,"column":54}},"78":{"start":{"line":297,"column":8},"end":{"line":297,"column":60}},"79":{"start":{"line":298,"column":8},"end":{"line":298,"column":55}},"80":{"start":{"line":299,"column":8},"end":{"line":299,"column":107}},"81":{"start":{"line":303,"column":8},"end":{"line":303,"column":39}}},"branchMap":{"1":{"line":70,"type":"if","locations":[{"start":{"line":70,"column":8},"end":{"line":70,"column":8}},{"start":{"line":70,"column":8},"end":{"line":70,"column":8}}]},"2":{"line":71,"type":"if","locations":[{"start":{"line":71,"column":12},"end":{"line":71,"column":12}},{"start":{"line":71,"column":12},"end":{"line":71,"column":12}}]},"3":{"line":73,"type":"if","locations":[{"start":{"line":73,"column":12},"end":{"line":73,"column":12}},{"start":{"line":73,"column":12},"end":{"line":73,"column":12}}]},"4":{"line":153,"type":"if","locations":[{"start":{"line":153,"column":8},"end":{"line":153,"column":8}},{"start":{"line":153,"column":8},"end":{"line":153,"column":8}}]},"5":{"line":248,"type":"if","locations":[{"start":{"line":248,"column":8},"end":{"line":248,"column":8}},{"start":{"line":248,"column":8},"end":{"line":248,"column":8}}]},"6":{"line":262,"type":"if","locations":[{"start":{"line":262,"column":8},"end":{"line":262,"column":8}},{"start":{"line":262,"column":8},"end":{"line":262,"column":8}}]},"7":{"line":270,"type":"if","locations":[{"start":{"line":270,"column":8},"end":{"line":270,"column":8}},{"start":{"line":270,"column":8},"end":{"line":270,"column":8}}]},"8":{"line":274,"type":"if","locations":[{"start":{"line":274,"column":8},"end":{"line":274,"column":8}},{"start":{"line":274,"column":8},"end":{"line":274,"column":8}}]},"9":{"line":279,"type":"if","locations":[{"start":{"line":279,"column":8},"end":{"line":279,"column":8}},{"start":{"line":279,"column":8},"end":{"line":279,"column":8}}]},"10":{"line":285,"type":"if","locations":[{"start":{"line":285,"column":8},"end":{"line":285,"column":8}},{"start":{"line":285,"column":8},"end":{"line":285,"column":8}}]}}}}