{"contracts/interfaces/IUniswapV2Pair.sol":{"l":{},"path":"/Users/Daniel/Documents/Projekte/GameFi/Pika-core/contracts/interfaces/IUniswapV2Pair.sol","s":{},"b":{},"f":{},"fnMap":{},"statementMap":{},"branchMap":{}},"contracts/interfaces/IUniswapV2Router.sol":{"l":{},"path":"/Users/Daniel/Documents/Projekte/GameFi/Pika-core/contracts/interfaces/IUniswapV2Router.sol","s":{},"b":{},"f":{},"fnMap":{},"statementMap":{},"branchMap":{}},"contracts/interfaces/IWETH.sol":{"l":{},"path":"/Users/Daniel/Documents/Projekte/GameFi/Pika-core/contracts/interfaces/IWETH.sol","s":{},"b":{},"f":{},"fnMap":{},"statementMap":{},"branchMap":{}},"contracts/Liquidity.sol":{"l":{"38":3,"39":3,"40":3,"41":3,"42":3,"43":3,"44":3,"45":3,"53":5,"54":5,"55":5,"56":5,"57":3,"63":3,"64":3,"72":9,"73":9,"74":8,"75":8,"76":4,"77":4,"78":4,"85":1,"86":1,"93":1,"94":1,"99":3,"100":1,"102":2,"107":11,"108":11,"112":5,"113":4,"114":4,"115":4,"116":4,"117":4,"118":3,"119":3,"120":3,"121":3,"122":3,"126":19,"127":8,"130":11,"131":11,"132":3,"136":11},"path":"/Users/Daniel/Documents/Projekte/GameFi/Pika-core/contracts/Liquidity.sol","s":{"1":3,"2":3,"3":3,"4":3,"5":3,"6":3,"7":3,"8":3,"9":5,"10":5,"11":5,"12":3,"13":3,"14":3,"15":9,"16":9,"17":8,"18":8,"19":4,"20":4,"21":4,"22":1,"23":1,"24":1,"25":1,"26":3,"27":1,"28":2,"29":11,"30":11,"31":5,"32":4,"33":4,"34":4,"35":4,"36":4,"37":3,"38":3,"39":3,"40":3,"41":3,"42":19,"43":8,"44":11,"45":11,"46":3,"47":11},"b":{"1":[8,1],"2":[4,4],"3":[1,2],"4":[4,1],"5":[3,1],"6":[8,11],"7":[3,8]},"f":{"1":3,"2":5,"3":9,"4":1,"5":1,"6":3,"7":11,"8":5,"9":19},"fnMap":{"1":{"name":"initialize","line":37,"loc":{"start":{"line":37,"column":4},"end":{"line":46,"column":4}}},"2":{"name":"provideLiquidity","line":52,"loc":{"start":{"line":52,"column":4},"end":{"line":65,"column":4}}},"3":{"name":"withdraw","line":71,"loc":{"start":{"line":71,"column":4},"end":{"line":79,"column":4}}},"4":{"name":"setLockPeriod","line":84,"loc":{"start":{"line":84,"column":4},"end":{"line":87,"column":4}}},"5":{"name":"setVestingPeriod","line":92,"loc":{"start":{"line":92,"column":4},"end":{"line":95,"column":4}}},"6":{"name":"depositedBalance","line":98,"loc":{"start":{"line":98,"column":4},"end":{"line":103,"column":4}}},"7":{"name":"withdrawableBalance","line":106,"loc":{"start":{"line":106,"column":4},"end":{"line":109,"column":4}}},"8":{"name":"_provideLiquidity","line":111,"loc":{"start":{"line":111,"column":4},"end":{"line":123,"column":4}}},"9":{"name":"_withdrawableBalance","line":125,"loc":{"start":{"line":125,"column":4},"end":{"line":138,"column":4}}}},"statementMap":{"1":{"start":{"line":38,"column":8},"end":{"line":38,"column":23}},"2":{"start":{"line":39,"column":8},"end":{"line":39,"column":31}},"3":{"start":{"line":40,"column":8},"end":{"line":40,"column":29}},"4":{"start":{"line":41,"column":8},"end":{"line":41,"column":49}},"5":{"start":{"line":42,"column":8},"end":{"line":42,"column":28}},"6":{"start":{"line":43,"column":8},"end":{"line":43,"column":80}},"7":{"start":{"line":44,"column":8},"end":{"line":44,"column":28}},"8":{"start":{"line":45,"column":8},"end":{"line":45,"column":37}},"9":{"start":{"line":53,"column":8},"end":{"line":53,"column":37}},"10":{"start":{"line":54,"column":8},"end":{"line":54,"column":44}},"11":{"start":{"line":56,"column":8},"end":{"line":56,"column":62}},"12":{"start":{"line":57,"column":8},"end":{"line":57,"column":2362}},"13":{"start":{"line":63,"column":8},"end":{"line":63,"column":49}},"14":{"start":{"line":64,"column":8},"end":{"line":64,"column":75}},"15":{"start":{"line":72,"column":8},"end":{"line":72,"column":61}},"16":{"start":{"line":73,"column":8},"end":{"line":73,"column":89}},"17":{"start":{"line":74,"column":8},"end":{"line":74,"column":64}},"18":{"start":{"line":75,"column":8},"end":{"line":75,"column":97}},"19":{"start":{"line":76,"column":8},"end":{"line":76,"column":51}},"20":{"start":{"line":77,"column":8},"end":{"line":77,"column":59}},"21":{"start":{"line":78,"column":8},"end":{"line":78,"column":74}},"22":{"start":{"line":85,"column":8},"end":{"line":85,"column":54}},"23":{"start":{"line":86,"column":8},"end":{"line":86,"column":30}},"24":{"start":{"line":93,"column":8},"end":{"line":93,"column":60}},"25":{"start":{"line":94,"column":8},"end":{"line":94,"column":33}},"26":{"start":{"line":99,"column":8},"end":{"line":99,"column":4329}},"27":{"start":{"line":100,"column":12},"end":{"line":100,"column":20}},"28":{"start":{"line":102,"column":8},"end":{"line":102,"column":46}},"29":{"start":{"line":107,"column":8},"end":{"line":107,"column":57}},"30":{"start":{"line":108,"column":8},"end":{"line":108,"column":44}},"31":{"start":{"line":112,"column":8},"end":{"line":112,"column":60}},"32":{"start":{"line":113,"column":8},"end":{"line":113,"column":74}},"33":{"start":{"line":114,"column":8},"end":{"line":114,"column":43}},"34":{"start":{"line":115,"column":8},"end":{"line":115,"column":118}},"35":{"start":{"line":116,"column":8},"end":{"line":116,"column":66}},"36":{"start":{"line":117,"column":8},"end":{"line":117,"column":113}},"37":{"start":{"line":118,"column":8},"end":{"line":118,"column":56}},"38":{"start":{"line":119,"column":8},"end":{"line":119,"column":33}},"39":{"start":{"line":120,"column":8},"end":{"line":120,"column":40}},"40":{"start":{"line":121,"column":8},"end":{"line":121,"column":62}},"41":{"start":{"line":122,"column":8},"end":{"line":122,"column":56}},"42":{"start":{"line":126,"column":8},"end":{"line":126,"column":5687}},"43":{"start":{"line":127,"column":12},"end":{"line":127,"column":5831}},"44":{"start":{"line":130,"column":12},"end":{"line":130,"column":42}},"45":{"start":{"line":131,"column":12},"end":{"line":131,"column":5925}},"46":{"start":{"line":132,"column":16},"end":{"line":132,"column":6085}},"47":{"start":{"line":136,"column":12},"end":{"line":136,"column":84}}},"branchMap":{"1":{"line":73,"type":"if","locations":[{"start":{"line":73,"column":8},"end":{"line":73,"column":8}},{"start":{"line":73,"column":8},"end":{"line":73,"column":8}}]},"2":{"line":75,"type":"if","locations":[{"start":{"line":75,"column":8},"end":{"line":75,"column":8}},{"start":{"line":75,"column":8},"end":{"line":75,"column":8}}]},"3":{"line":99,"type":"if","locations":[{"start":{"line":99,"column":8},"end":{"line":99,"column":8}},{"start":{"line":99,"column":8},"end":{"line":99,"column":8}}]},"4":{"line":112,"type":"if","locations":[{"start":{"line":112,"column":8},"end":{"line":112,"column":8}},{"start":{"line":112,"column":8},"end":{"line":112,"column":8}}]},"5":{"line":117,"type":"if","locations":[{"start":{"line":117,"column":8},"end":{"line":117,"column":8}},{"start":{"line":117,"column":8},"end":{"line":117,"column":8}}]},"6":{"line":126,"type":"if","locations":[{"start":{"line":126,"column":8},"end":{"line":126,"column":8}},{"start":{"line":126,"column":8},"end":{"line":126,"column":8}}]},"7":{"line":131,"type":"if","locations":[{"start":{"line":131,"column":12},"end":{"line":131,"column":12}},{"start":{"line":131,"column":12},"end":{"line":131,"column":12}}]}}},"contracts/OwnedInitializable.sol":{"l":{"20":12,"21":12,"28":32,"29":22,"37":1,"45":3,"46":1,"47":1},"path":"/Users/Daniel/Documents/Projekte/GameFi/Pika-core/contracts/OwnedInitializable.sol","s":{"1":12,"2":12,"3":32,"4":1,"5":3,"6":1,"7":1},"b":{"1":[22,10],"2":[1,2]},"f":{"1":12,"2":32,"3":1,"4":3},"fnMap":{"1":{"name":"__Ownable_init","line":19,"loc":{"start":{"line":19,"column":2},"end":{"line":22,"column":2}}},"2":{"name":"onlyOwner","line":27,"loc":{"start":{"line":27,"column":2},"end":{"line":30,"column":2}}},"3":{"name":"proposeOwner","line":36,"loc":{"start":{"line":36,"column":2},"end":{"line":38,"column":2}}},"4":{"name":"claimOwnership","line":44,"loc":{"start":{"line":44,"column":2},"end":{"line":48,"column":2}}}},"statementMap":{"1":{"start":{"line":20,"column":4},"end":{"line":20,"column":23}},"2":{"start":{"line":21,"column":4},"end":{"line":21,"column":55}},"3":{"start":{"line":28,"column":4},"end":{"line":28,"column":51}},"4":{"start":{"line":37,"column":4},"end":{"line":37,"column":28}},"5":{"start":{"line":45,"column":4},"end":{"line":45,"column":39}},"6":{"start":{"line":46,"column":4},"end":{"line":46,"column":51}},"7":{"start":{"line":47,"column":4},"end":{"line":47,"column":24}}},"branchMap":{"1":{"line":28,"type":"if","locations":[{"start":{"line":28,"column":4},"end":{"line":28,"column":4}},{"start":{"line":28,"column":4},"end":{"line":28,"column":4}}]},"2":{"line":45,"type":"if","locations":[{"start":{"line":45,"column":4},"end":{"line":45,"column":4}},{"start":{"line":45,"column":4},"end":{"line":45,"column":4}}]}}},"contracts/Pika.sol":{"l":{"32":11,"33":7,"35":4,"37":9,"48":9,"49":9,"50":9,"51":9,"52":9,"55":9,"56":9,"57":9,"59":9,"60":9,"74":9,"75":9,"76":9,"77":9,"78":9,"88":8,"89":8,"96":18,"97":18,"98":18,"105":23,"114":2,"115":2,"124":2,"125":2,"140":2,"141":2,"142":2,"143":2,"144":2,"159":2,"160":2,"161":2,"162":2,"163":2,"178":2,"179":2,"180":2,"181":2,"182":2,"191":1,"192":1,"201":2,"202":2,"210":39,"217":35,"218":35,"221":4,"222":4,"223":4,"224":4,"225":2,"226":2,"227":2,"229":4,"231":4,"232":4,"233":3,"234":3,"236":4,"237":2,"238":2,"239":2,"241":4,"242":2,"243":2,"244":2,"247":4,"248":1,"250":4,"254":1,"255":1,"256":1,"258":1,"259":1,"260":1,"261":1,"265":10},"path":"/Users/Daniel/Documents/Projekte/GameFi/Pika-core/contracts/Pika.sol","s":{"1":11,"2":7,"3":4,"4":9,"5":9,"6":9,"7":9,"8":9,"9":9,"10":9,"11":9,"12":9,"13":9,"14":9,"15":9,"16":9,"17":9,"18":9,"19":8,"20":8,"21":18,"22":18,"23":18,"24":23,"25":2,"26":2,"27":2,"28":2,"29":2,"30":2,"31":2,"32":2,"33":2,"34":2,"35":2,"36":2,"37":2,"38":2,"39":2,"40":2,"41":2,"42":2,"43":2,"44":1,"45":1,"46":2,"47":2,"48":39,"49":35,"50":35,"51":4,"52":4,"53":4,"54":4,"55":2,"56":2,"57":2,"58":4,"59":4,"60":4,"61":3,"62":3,"63":4,"64":2,"65":2,"66":2,"67":4,"68":2,"69":2,"70":2,"71":4,"72":1,"73":4,"74":1,"75":1,"76":1,"77":1,"78":1,"79":1,"80":1,"81":10},"b":{"1":[7,4],"2":[6,1],"3":[3,1],"4":[1,1],"5":[35,4],"6":[2,2],"7":[3,1],"8":[2,2],"9":[2,2],"10":[1,3]},"f":{"1":11,"2":9,"3":8,"4":18,"5":23,"6":2,"7":2,"8":2,"9":2,"10":2,"11":1,"12":2,"13":39,"14":1,"15":10},"fnMap":{"1":{"name":"ensureAddressSet","line":31,"loc":{"start":{"line":31,"column":4},"end":{"line":38,"column":4}}},"2":{"name":"initialize","line":47,"loc":{"start":{"line":40,"column":4},"end":{"line":79,"column":4}}},"3":{"name":"setExcludeFromFee","line":87,"loc":{"start":{"line":87,"column":4},"end":{"line":90,"column":4}}},"4":{"name":"packBeneficiary","line":95,"loc":{"start":{"line":95,"column":4},"end":{"line":99,"column":4}}},"5":{"name":"unpackBeneficiary","line":104,"loc":{"start":{"line":104,"column":4},"end":{"line":106,"column":4}}},"6":{"name":"burn","line":113,"loc":{"start":{"line":113,"column":4},"end":{"line":116,"column":4}}},"7":{"name":"setMinSupply","line":123,"loc":{"start":{"line":123,"column":4},"end":{"line":126,"column":4}}},"8":{"name":"setBeneficiary","line":138,"loc":{"start":{"line":135,"column":4},"end":{"line":145,"column":4}}},"9":{"name":"setStaking","line":157,"loc":{"start":{"line":154,"column":4},"end":{"line":164,"column":4}}},"10":{"name":"setLiquidity","line":176,"loc":{"start":{"line":173,"column":4},"end":{"line":183,"column":4}}},"11":{"name":"setFeesEnabled","line":190,"loc":{"start":{"line":190,"column":4},"end":{"line":193,"column":4}}},"12":{"name":"setSwapEnabled","line":200,"loc":{"start":{"line":200,"column":4},"end":{"line":203,"column":4}}},"13":{"name":"_transfer","line":205,"loc":{"start":{"line":205,"column":4},"end":{"line":251,"column":4}}},"14":{"name":"_swapTokensForEth","line":253,"loc":{"start":{"line":253,"column":4},"end":{"line":262,"column":4}}},"15":{"name":"_calculateFee","line":264,"loc":{"start":{"line":264,"column":4},"end":{"line":266,"column":4}}}},"statementMap":{"1":{"start":{"line":32,"column":8},"end":{"line":32,"column":1410}},"2":{"start":{"line":33,"column":12},"end":{"line":33,"column":65}},"3":{"start":{"line":35,"column":12},"end":{"line":35,"column":69}},"4":{"start":{"line":48,"column":8},"end":{"line":48,"column":23}},"5":{"start":{"line":49,"column":8},"end":{"line":49,"column":35}},"6":{"start":{"line":50,"column":8},"end":{"line":50,"column":32}},"7":{"start":{"line":51,"column":8},"end":{"line":51,"column":29}},"8":{"start":{"line":52,"column":8},"end":{"line":52,"column":40}},"9":{"start":{"line":55,"column":8},"end":{"line":55,"column":49}},"10":{"start":{"line":56,"column":8},"end":{"line":56,"column":37}},"11":{"start":{"line":57,"column":8},"end":{"line":57,"column":19}},"12":{"start":{"line":59,"column":8},"end":{"line":59,"column":116}},"13":{"start":{"line":60,"column":8},"end":{"line":60,"column":2359}},"14":{"start":{"line":74,"column":8},"end":{"line":74,"column":25}},"15":{"start":{"line":75,"column":8},"end":{"line":75,"column":64}},"16":{"start":{"line":76,"column":8},"end":{"line":76,"column":46}},"17":{"start":{"line":77,"column":8},"end":{"line":77,"column":45}},"18":{"start":{"line":78,"column":8},"end":{"line":78,"column":45}},"19":{"start":{"line":88,"column":8},"end":{"line":88,"column":46}},"20":{"start":{"line":89,"column":8},"end":{"line":89,"column":56}},"21":{"start":{"line":96,"column":8},"end":{"line":96,"column":66}},"22":{"start":{"line":97,"column":8},"end":{"line":97,"column":39}},"23":{"start":{"line":98,"column":8},"end":{"line":98,"column":32}},"24":{"start":{"line":105,"column":8},"end":{"line":105,"column":85}},"25":{"start":{"line":114,"column":8},"end":{"line":114,"column":33}},"26":{"start":{"line":115,"column":8},"end":{"line":115,"column":77}},"27":{"start":{"line":124,"column":8},"end":{"line":124,"column":55}},"28":{"start":{"line":125,"column":8},"end":{"line":125,"column":32}},"29":{"start":{"line":140,"column":8},"end":{"line":140,"column":47}},"30":{"start":{"line":141,"column":8},"end":{"line":141,"column":89}},"31":{"start":{"line":142,"column":8},"end":{"line":142,"column":71}},"32":{"start":{"line":143,"column":8},"end":{"line":143,"column":92}},"33":{"start":{"line":144,"column":8},"end":{"line":144,"column":35}},"34":{"start":{"line":159,"column":8},"end":{"line":159,"column":48}},"35":{"start":{"line":160,"column":8},"end":{"line":160,"column":81}},"36":{"start":{"line":161,"column":8},"end":{"line":161,"column":68}},"37":{"start":{"line":162,"column":8},"end":{"line":162,"column":85}},"38":{"start":{"line":163,"column":8},"end":{"line":163,"column":27}},"39":{"start":{"line":178,"column":8},"end":{"line":178,"column":48}},"40":{"start":{"line":179,"column":8},"end":{"line":179,"column":83}},"41":{"start":{"line":180,"column":8},"end":{"line":180,"column":70}},"42":{"start":{"line":181,"column":8},"end":{"line":181,"column":87}},"43":{"start":{"line":182,"column":8},"end":{"line":182,"column":31}},"44":{"start":{"line":191,"column":8},"end":{"line":191,"column":41}},"45":{"start":{"line":192,"column":8},"end":{"line":192,"column":29}},"46":{"start":{"line":201,"column":8},"end":{"line":201,"column":41}},"47":{"start":{"line":202,"column":8},"end":{"line":202,"column":29}},"48":{"start":{"line":210,"column":8},"end":{"line":210,"column":7927}},"49":{"start":{"line":217,"column":12},"end":{"line":217,"column":53}},"50":{"start":{"line":218,"column":12},"end":{"line":218,"column":18}},"51":{"start":{"line":221,"column":8},"end":{"line":221,"column":90}},"52":{"start":{"line":222,"column":8},"end":{"line":222,"column":82}},"53":{"start":{"line":223,"column":8},"end":{"line":223,"column":88}},"54":{"start":{"line":224,"column":8},"end":{"line":224,"column":8616}},"55":{"start":{"line":225,"column":12},"end":{"line":225,"column":59}},"56":{"start":{"line":226,"column":12},"end":{"line":226,"column":83}},"57":{"start":{"line":227,"column":12},"end":{"line":227,"column":61}},"58":{"start":{"line":229,"column":8},"end":{"line":229,"column":52}},"59":{"start":{"line":231,"column":8},"end":{"line":231,"column":53}},"60":{"start":{"line":232,"column":8},"end":{"line":232,"column":9030}},"61":{"start":{"line":233,"column":12},"end":{"line":233,"column":35}},"62":{"start":{"line":234,"column":12},"end":{"line":234,"column":37}},"63":{"start":{"line":236,"column":8},"end":{"line":236,"column":9172}},"64":{"start":{"line":237,"column":12},"end":{"line":237,"column":57}},"65":{"start":{"line":238,"column":12},"end":{"line":238,"column":63}},"66":{"start":{"line":239,"column":12},"end":{"line":239,"column":38}},"67":{"start":{"line":241,"column":8},"end":{"line":241,"column":9379}},"68":{"start":{"line":242,"column":12},"end":{"line":242,"column":61}},"69":{"start":{"line":243,"column":12},"end":{"line":243,"column":67}},"70":{"start":{"line":244,"column":12},"end":{"line":244,"column":40}},"71":{"start":{"line":247,"column":8},"end":{"line":247,"column":9671}},"72":{"start":{"line":248,"column":12},"end":{"line":248,"column":30}},"73":{"start":{"line":250,"column":8},"end":{"line":250,"column":56}},"74":{"start":{"line":254,"column":8},"end":{"line":254,"column":48}},"75":{"start":{"line":255,"column":8},"end":{"line":255,"column":30}},"76":{"start":{"line":256,"column":8},"end":{"line":256,"column":21}},"77":{"start":{"line":258,"column":8},"end":{"line":258,"column":54}},"78":{"start":{"line":259,"column":8},"end":{"line":259,"column":60}},"79":{"start":{"line":260,"column":8},"end":{"line":260,"column":55}},"80":{"start":{"line":261,"column":8},"end":{"line":261,"column":107}},"81":{"start":{"line":265,"column":8},"end":{"line":265,"column":39}}},"branchMap":{"1":{"line":32,"type":"if","locations":[{"start":{"line":32,"column":8},"end":{"line":32,"column":8}},{"start":{"line":32,"column":8},"end":{"line":32,"column":8}}]},"2":{"line":33,"type":"if","locations":[{"start":{"line":33,"column":12},"end":{"line":33,"column":12}},{"start":{"line":33,"column":12},"end":{"line":33,"column":12}}]},"3":{"line":35,"type":"if","locations":[{"start":{"line":35,"column":12},"end":{"line":35,"column":12}},{"start":{"line":35,"column":12},"end":{"line":35,"column":12}}]},"4":{"line":115,"type":"if","locations":[{"start":{"line":115,"column":8},"end":{"line":115,"column":8}},{"start":{"line":115,"column":8},"end":{"line":115,"column":8}}]},"5":{"line":210,"type":"if","locations":[{"start":{"line":210,"column":8},"end":{"line":210,"column":8}},{"start":{"line":210,"column":8},"end":{"line":210,"column":8}}]},"6":{"line":224,"type":"if","locations":[{"start":{"line":224,"column":8},"end":{"line":224,"column":8}},{"start":{"line":224,"column":8},"end":{"line":224,"column":8}}]},"7":{"line":232,"type":"if","locations":[{"start":{"line":232,"column":8},"end":{"line":232,"column":8}},{"start":{"line":232,"column":8},"end":{"line":232,"column":8}}]},"8":{"line":236,"type":"if","locations":[{"start":{"line":236,"column":8},"end":{"line":236,"column":8}},{"start":{"line":236,"column":8},"end":{"line":236,"column":8}}]},"9":{"line":241,"type":"if","locations":[{"start":{"line":241,"column":8},"end":{"line":241,"column":8}},{"start":{"line":241,"column":8},"end":{"line":241,"column":8}}]},"10":{"line":247,"type":"if","locations":[{"start":{"line":247,"column":8},"end":{"line":247,"column":8}},{"start":{"line":247,"column":8},"end":{"line":247,"column":8}}]}}}}