TN:
SF:/Users/Daniel/Documents/Projekte/GameFi/Pika-core/contracts/interfaces/IUniswapV2Pair.sol
FNF:0
FNH:0
LF:0
LH:0
BRF:0
BRH:0
end_of_record
TN:
SF:/Users/Daniel/Documents/Projekte/GameFi/Pika-core/contracts/interfaces/IUniswapV2Router.sol
FNF:0
FNH:0
LF:0
LH:0
BRF:0
BRH:0
end_of_record
TN:
SF:/Users/Daniel/Documents/Projekte/GameFi/Pika-core/contracts/interfaces/IWETH.sol
FNF:0
FNH:0
LF:0
LH:0
BRF:0
BRH:0
end_of_record
TN:
SF:/Users/Daniel/Documents/Projekte/GameFi/Pika-core/contracts/Liquidity.sol
FN:37,initialize
FN:52,provideLiquidity
FN:71,withdraw
FN:84,setLockPeriod
FN:92,setVestingPeriod
FN:98,depositedBalance
FN:106,withdrawableBalance
FN:111,_provideLiquidity
FN:125,_withdrawableBalance
FNF:9
FNH:9
FNDA:3,initialize
FNDA:5,provideLiquidity
FNDA:9,withdraw
FNDA:1,setLockPeriod
FNDA:1,setVestingPeriod
FNDA:3,depositedBalance
FNDA:11,withdrawableBalance
FNDA:5,_provideLiquidity
FNDA:19,_withdrawableBalance
DA:38,3
DA:39,3
DA:40,3
DA:41,3
DA:42,3
DA:43,3
DA:44,3
DA:45,3
DA:53,5
DA:54,5
DA:55,5
DA:56,5
DA:57,3
DA:63,3
DA:64,3
DA:72,9
DA:73,9
DA:74,8
DA:75,8
DA:76,4
DA:77,4
DA:78,4
DA:85,1
DA:86,1
DA:93,1
DA:94,1
DA:99,3
DA:100,1
DA:102,2
DA:107,11
DA:108,11
DA:112,5
DA:113,4
DA:114,4
DA:115,4
DA:116,4
DA:117,4
DA:118,3
DA:119,3
DA:120,3
DA:121,3
DA:122,3
DA:126,19
DA:127,8
DA:130,11
DA:131,11
DA:132,3
DA:136,11
LF:48
LH:48
BRDA:73,1,0,8
BRDA:73,1,1,1
BRDA:75,2,0,4
BRDA:75,2,1,4
BRDA:99,3,0,1
BRDA:99,3,1,2
BRDA:112,4,0,4
BRDA:112,4,1,1
BRDA:117,5,0,3
BRDA:117,5,1,1
BRDA:126,6,0,8
BRDA:126,6,1,11
BRDA:131,7,0,3
BRDA:131,7,1,8
BRF:14
BRH:14
end_of_record
TN:
SF:/Users/Daniel/Documents/Projekte/GameFi/Pika-core/contracts/OwnedInitializable.sol
FN:19,__Ownable_init
FN:27,onlyOwner
FN:36,proposeOwner
FN:44,claimOwnership
FNF:4
FNH:4
FNDA:12,__Ownable_init
FNDA:32,onlyOwner
FNDA:1,proposeOwner
FNDA:3,claimOwnership
DA:20,12
DA:21,12
DA:28,32
DA:29,22
DA:37,1
DA:45,3
DA:46,1
DA:47,1
LF:8
LH:8
BRDA:28,1,0,22
BRDA:28,1,1,10
BRDA:45,2,0,1
BRDA:45,2,1,2
BRF:4
BRH:4
end_of_record
TN:
SF:/Users/Daniel/Documents/Projekte/GameFi/Pika-core/contracts/Pika.sol
FN:31,ensureAddressSet
FN:47,initialize
FN:87,setExcludeFromFee
FN:95,packBeneficiary
FN:104,unpackBeneficiary
FN:113,burn
FN:123,setMinSupply
FN:138,setBeneficiary
FN:157,setStaking
FN:176,setLiquidity
FN:190,setFeesEnabled
FN:200,setSwapEnabled
FN:205,_transfer
FN:253,_swapTokensForEth
FN:264,_calculateFee
FNF:15
FNH:15
FNDA:11,ensureAddressSet
FNDA:9,initialize
FNDA:8,setExcludeFromFee
FNDA:18,packBeneficiary
FNDA:23,unpackBeneficiary
FNDA:2,burn
FNDA:2,setMinSupply
FNDA:2,setBeneficiary
FNDA:2,setStaking
FNDA:2,setLiquidity
FNDA:1,setFeesEnabled
FNDA:2,setSwapEnabled
FNDA:39,_transfer
FNDA:1,_swapTokensForEth
FNDA:10,_calculateFee
DA:32,11
DA:33,7
DA:35,4
DA:37,9
DA:48,9
DA:49,9
DA:50,9
DA:51,9
DA:52,9
DA:55,9
DA:56,9
DA:57,9
DA:59,9
DA:60,9
DA:74,9
DA:75,9
DA:76,9
DA:77,9
DA:78,9
DA:88,8
DA:89,8
DA:96,18
DA:97,18
DA:98,18
DA:105,23
DA:114,2
DA:115,2
DA:124,2
DA:125,2
DA:140,2
DA:141,2
DA:142,2
DA:143,2
DA:144,2
DA:159,2
DA:160,2
DA:161,2
DA:162,2
DA:163,2
DA:178,2
DA:179,2
DA:180,2
DA:181,2
DA:182,2
DA:191,1
DA:192,1
DA:201,2
DA:202,2
DA:210,39
DA:217,35
DA:218,35
DA:221,4
DA:222,4
DA:223,4
DA:224,4
DA:225,2
DA:226,2
DA:227,2
DA:229,4
DA:231,4
DA:232,4
DA:233,3
DA:234,3
DA:236,4
DA:237,2
DA:238,2
DA:239,2
DA:241,4
DA:242,2
DA:243,2
DA:244,2
DA:247,4
DA:248,1
DA:250,4
DA:254,1
DA:255,1
DA:256,1
DA:258,1
DA:259,1
DA:260,1
DA:261,1
DA:265,10
LF:82
LH:82
BRDA:32,1,0,7
BRDA:32,1,1,4
BRDA:33,2,0,6
BRDA:33,2,1,1
BRDA:35,3,0,3
BRDA:35,3,1,1
BRDA:115,4,0,1
BRDA:115,4,1,1
BRDA:210,5,0,35
BRDA:210,5,1,4
BRDA:224,6,0,2
BRDA:224,6,1,2
BRDA:232,7,0,3
BRDA:232,7,1,1
BRDA:236,8,0,2
BRDA:236,8,1,2
BRDA:241,9,0,2
BRDA:241,9,1,2
BRDA:247,10,0,1
BRDA:247,10,1,3
BRF:20
BRH:20
end_of_record
