TN:
SF:/Users/Daniel/Documents/Projekte/GameFi/Pika-core/contracts/OwnedInitializable.sol
FN:19,__Ownable_init
FN:27,onlyOwner
FN:36,proposeOwner
FN:44,claimOwnership
FNF:4
FNH:4
FNDA:6,__Ownable_init
FNDA:28,onlyOwner
FNDA:1,proposeOwner
FNDA:3,claimOwnership
DA:20,6
DA:21,6
DA:28,28
DA:29,20
DA:37,1
DA:45,3
DA:46,1
DA:47,1
LF:8
LH:8
BRDA:28,1,0,20
BRDA:28,1,1,8
BRDA:45,2,0,1
BRDA:45,2,1,2
BRF:4
BRH:4
end_of_record
TN:
SF:/Users/Daniel/Documents/Projekte/GameFi/Pika-core/contracts/Pika.sol
FN:69,ensureAddressSet
FN:85,initialize
FN:125,setExcludeFromFee
FN:133,packBeneficiary
FN:142,unpackBeneficiary
FN:151,burn
FN:161,setMinSupply
FN:176,setBeneficiary
FN:195,setStaking
FN:214,setLiquidity
FN:228,setFeesEnabled
FN:238,setSwapEnabled
FN:243,_transfer
FN:291,_swapTokensForEth
FN:302,_calculateFee
FNF:15
FNH:15
FNDA:11,ensureAddressSet
FNDA:6,initialize
FNDA:8,setExcludeFromFee
FNDA:15,packBeneficiary
FNDA:23,unpackBeneficiary
FNDA:2,burn
FNDA:2,setMinSupply
FNDA:2,setBeneficiary
FNDA:2,setStaking
FNDA:2,setLiquidity
FNDA:1,setFeesEnabled
FNDA:2,setSwapEnabled
FNDA:19,_transfer
FNDA:1,_swapTokensForEth
FNDA:10,_calculateFee
DA:70,11
DA:71,7
DA:73,4
DA:75,9
DA:86,6
DA:87,6
DA:88,6
DA:89,6
DA:90,6
DA:93,6
DA:94,6
DA:95,6
DA:97,6
DA:98,6
DA:112,6
DA:113,6
DA:114,6
DA:115,6
DA:116,6
DA:126,8
DA:127,8
DA:134,15
DA:135,15
DA:136,15
DA:143,23
DA:152,2
DA:153,2
DA:162,2
DA:163,2
DA:178,2
DA:179,2
DA:180,2
DA:181,2
DA:182,2
DA:197,2
DA:198,2
DA:199,2
DA:200,2
DA:201,2
DA:216,2
DA:217,2
DA:218,2
DA:219,2
DA:220,2
DA:229,1
DA:230,1
DA:239,2
DA:240,2
DA:248,19
DA:255,15
DA:256,15
DA:259,4
DA:260,4
DA:261,4
DA:262,4
DA:263,2
DA:264,2
DA:265,2
DA:267,4
DA:269,4
DA:270,4
DA:271,3
DA:272,3
DA:274,4
DA:275,2
DA:276,2
DA:277,2
DA:279,4
DA:280,2
DA:281,2
DA:282,2
DA:285,4
DA:286,1
DA:288,4
DA:292,1
DA:293,1
DA:294,1
DA:296,1
DA:297,1
DA:298,1
DA:299,1
DA:303,10
LF:82
LH:82
BRDA:70,1,0,7
BRDA:70,1,1,4
BRDA:71,2,0,6
BRDA:71,2,1,1
BRDA:73,3,0,3
BRDA:73,3,1,1
BRDA:153,4,0,1
BRDA:153,4,1,1
BRDA:248,5,0,15
BRDA:248,5,1,4
BRDA:262,6,0,2
BRDA:262,6,1,2
BRDA:270,7,0,3
BRDA:270,7,1,1
BRDA:274,8,0,2
BRDA:274,8,1,2
BRDA:279,9,0,2
BRDA:279,9,1,2
BRDA:285,10,0,1
BRDA:285,10,1,3
BRF:20
BRH:20
end_of_record
